<?xml version="1.0" encoding="UTF-8"?>
<!-- Generated by org.testng.reporters.JUnitXMLReporter -->
<testsuite ignored="0" hostname="DESKTOP-UU97CNV" failures="0" tests="3" name="Default test" time="0.135" errors="0" timestamp="2023-10-14T09:13:39 IST">
  <testcase classname="suboltest.ClassA" name="methodAone" time="0.035"/>
  <testcase classname="suboltest.ClassA" name="methodATwo" time="0.005"/>
  <testcase classname="suboltest.ClassA" name="methodAThree" time="0.002"/>
</testsuite> <!-- Default test -->
