<?xml version="1.0" encoding="UTF-8"?>
<!-- Generated by org.testng.reporters.JUnitXMLReporter -->
<testsuite ignored="0" hostname="DESKTOP-UU97CNV" failures="1" tests="10" name="Test" time="0.181" errors="0" timestamp="2023-10-12T16:36:36 IST">
  <testcase classname="suboltest.ClassA" name="methodAone" time="0.016"/>
  <testcase classname="suboltest.ClassA" name="methodATwo" time="0.004"/>
  <testcase classname="suboltest.ClassA" name="methodAThree" time="0.003"/>
  <testcase classname="suboltest.ClassB" name="methodBone" time="0.009"/>
  <testcase classname="suboltest.ClassB" name="methodBTwo" time="0.004"/>
  <testcase classname="suboltest.ClassB" name="methodBThree" time="0.004"/>
  <testcase classname="suboltest.ClassB" name="methodBFour" time="0.006"/>
  <testcase classname="suboltest.ClassC" name="methodCone" time="0.003"/>
  <testcase classname="suboltest.ClassC" name="methodCTwo" time="0.005"/>
  <testcase classname="suboltest.Parameterization" name="verifyUserLoginWithValidCredentials" time="0.0">
    <failure type="org.testng.TestNGException" message="
Cannot inject @Test annotated Method [verifyUserLoginWithValidCredentials] with [class java.lang.String].
For more information on native dependency injection please refer to https://testng.org/doc/documentation-main.html#native-dependency-injection">
      <![CDATA[org.testng.TestNGException: 
Cannot inject @Test annotated Method [verifyUserLoginWithValidCredentials] with [class java.lang.String].
For more information on native dependency injection please refer to https://testng.org/doc/documentation-main.html#native-dependency-injection
at java.base/java.util.ArrayList.forEach(ArrayList.java:1511)
... Removed 26 stack frames]]>
    </failure>
  </testcase> <!-- verifyUserLoginWithValidCredentials -->
</testsuite> <!-- Test -->
